<?xml version="1.0" encoding="UTF-8"?>
<testng-results skipped="0" failed="0" ignored="0" total="2" passed="2">
  <reporter-output>
  </reporter-output>
  <suite name="book-flight-module" duration-ms="8439" started-at="2021-05-29T15:42:56Z" finished-at="2021-05-29T15:43:04Z">
    <groups>
    </groups>
    <test name="search-test-java" duration-ms="4549" started-at="2021-05-29T15:42:56Z" finished-at="2021-05-29T15:43:00Z">
      <class name="com.searchmodule.tests.SearchTest">
        <test-method status="PASS" signature="setUpDriver()[pri:0, instance:com.searchmodule.tests.SearchTest@28f67ac7]" name="setUpDriver" is-config="true" duration-ms="1020" started-at="2021-05-29T15:42:56Z" finished-at="2021-05-29T15:42:57Z">
          <reporter-output>
          </reporter-output>
        </test-method> <!-- setUpDriver -->
        <test-method status="PASS" signature="search(java.lang.String)[pri:0, instance:com.searchmodule.tests.SearchTest@28f67ac7]" name="search" duration-ms="3442" started-at="2021-05-29T15:42:57Z" finished-at="2021-05-29T15:43:00Z">
          <params>
            <param index="0">
              <value>
                <![CDATA[java]]>
              </value>
            </param>
          </params>
          <reporter-output>
          </reporter-output>
        </test-method> <!-- search -->
        <test-method status="PASS" signature="tearDown()[pri:0, instance:com.searchmodule.tests.SearchTest@28f67ac7]" name="tearDown" is-config="true" duration-ms="71" started-at="2021-05-29T15:43:00Z" finished-at="2021-05-29T15:43:00Z">
          <reporter-output>
          </reporter-output>
        </test-method> <!-- tearDown -->
      </class> <!-- com.searchmodule.tests.SearchTest -->
    </test> <!-- search-test-java -->
    <test name="search-test-qa" duration-ms="3842" started-at="2021-05-29T15:43:00Z" finished-at="2021-05-29T15:43:04Z">
      <class name="com.searchmodule.tests.SearchTest">
        <test-method status="PASS" signature="setUpDriver()[pri:0, instance:com.searchmodule.tests.SearchTest@1134affc]" name="setUpDriver" is-config="true" duration-ms="424" started-at="2021-05-29T15:43:00Z" finished-at="2021-05-29T15:43:01Z">
          <reporter-output>
          </reporter-output>
        </test-method> <!-- setUpDriver -->
        <test-method status="PASS" signature="search(java.lang.String)[pri:0, instance:com.searchmodule.tests.SearchTest@1134affc]" name="search" duration-ms="3353" started-at="2021-05-29T15:43:01Z" finished-at="2021-05-29T15:43:04Z">
          <params>
            <param index="0">
              <value>
                <![CDATA[qa]]>
              </value>
            </param>
          </params>
          <reporter-output>
          </reporter-output>
        </test-method> <!-- search -->
        <test-method status="PASS" signature="tearDown()[pri:0, instance:com.searchmodule.tests.SearchTest@1134affc]" name="tearDown" is-config="true" duration-ms="62" started-at="2021-05-29T15:43:04Z" finished-at="2021-05-29T15:43:04Z">
          <reporter-output>
          </reporter-output>
        </test-method> <!-- tearDown -->
      </class> <!-- com.searchmodule.tests.SearchTest -->
    </test> <!-- search-test-qa -->
  </suite> <!-- book-flight-module -->
</testng-results>
